<?xml version="1.0" encoding="UTF-8"?>
<Site BuildName="Win32-MSBuild"
	BuildStamp="20250909-0316-Experimental"
	Name="DESKTOP-RMMDSGE"
	Generator="ctest-4.1.0"
	CompilerName="C:/Program Files (x86)/Microsoft Visual Studio/2019/BuildTools/VC/Tools/MSVC/14.29.30133/bin/Hostx86/x64/cl.exe"
	CompilerVersion="19.29.30159.0"
	OSName="Windows"
	Hostname="DESKTOP-RMMDSGE"
	OSRelease=" Personal"
	OSVersion=" (Build 26100)"
	OSPlatform="AMD64"
	Is64Bits="1"
	VendorString="GenuineIntel"
	VendorID="Intel Corporation"
	FamilyID="6"
	ModelID="12"
	ModelName=""
	ProcessorCacheSize="-1"
	NumberOfLogicalCPU="8"
	NumberOfPhysicalCPU="4"
	TotalVirtualMemory="50949"
	TotalPhysicalMemory="16133"
	LogicalProcessorsPerPhysical="2"
	ProcessorClockFrequency="2918"
	>
	<Testing>
		<StartDateTime>Sep 10 12:33 Pacific Daylight Time</StartDateTime>
		<StartTestTime>1757532827</StartTestTime>
		<TestList/>
		<EndDateTime>Sep 10 12:33 Pacific Daylight Time</EndDateTime>
		<EndTestTime>1757532827</EndTestTime>
		<ElapsedMinutes>0</ElapsedMinutes>
	</Testing>
</Site>
